

Started GET "/" for 127.0.0.1 at 2013-09-10 15:05:16 +0530
  Processing by ProductsController#index as HTML
Rendered products/index.html.erb within layouts/application (14.6ms)
Completed 500 Internal Server Error in 46ms

ActionView::Template::Error (Could not find table 'products'):
    1: <% title "Products" %>
    2: 
    3: <% for product in @products %>
    4:   <div class="product">
    5:     <h2><%= link_to product.name, product %></h2>
    6:     <div class="details">
  app/views/products/index.html.erb:3:in `_app_views_products_index_html_erb__3950386286622909891_70314287381120'

Rendered /Users/bedrocket/.rvm/gems/ruby-1.9.3-p429/gems/actionpack-3.1.0/lib/action_dispatch/middleware/templates/rescues/_trace.erb (1.9ms)
Rendered /Users/bedrocket/.rvm/gems/ruby-1.9.3-p429/gems/actionpack-3.1.0/lib/action_dispatch/middleware/templates/rescues/_request_and_response.erb (1.7ms)
Rendered /Users/bedrocket/.rvm/gems/ruby-1.9.3-p429/gems/actionpack-3.1.0/lib/action_dispatch/middleware/templates/rescues/template_error.erb within rescues/layout (7.8ms)
  [1m[36m (0.1ms)[0m  [1mselect sqlite_version(*)[0m
  [1m[35m (3.4ms)[0m  CREATE TABLE "schema_migrations" ("version" varchar(255) NOT NULL) 
  [1m[36m (0.1ms)[0m  [1mPRAGMA index_list("schema_migrations")[0m
  [1m[35m (2.5ms)[0m  CREATE UNIQUE INDEX "unique_schema_migrations" ON "schema_migrations" ("version")
  [1m[36m (25.4ms)[0m  [1mSELECT "schema_migrations"."version" FROM "schema_migrations" [0m
Migrating to CreateProducts (20110919171838)
  [1m[35m (0.6ms)[0m  CREATE TABLE "products" ("id" INTEGER PRIMARY KEY AUTOINCREMENT NOT NULL, "name" varchar(255), "price" decimal, "released_at" datetime, "created_at" datetime, "updated_at" datetime) 
  [1m[36m (0.2ms)[0m  [1mINSERT INTO "schema_migrations" ("version") VALUES ('20110919171838')[0m
Migrating to CreateCategories (20110919174935)
  [1m[35m (0.5ms)[0m  CREATE TABLE "categories" ("id" INTEGER PRIMARY KEY AUTOINCREMENT NOT NULL, "name" varchar(255), "created_at" datetime, "updated_at" datetime) 
  [1m[36m (0.2ms)[0m  [1mINSERT INTO "schema_migrations" ("version") VALUES ('20110919174935')[0m
Migrating to AddCategoryIdToProducts (20110919174955)
  [1m[35m (11.0ms)[0m  ALTER TABLE "products" ADD "category_id" integer
  [1m[36m (0.2ms)[0m  [1mINSERT INTO "schema_migrations" ("version") VALUES ('20110919174955')[0m
  [1m[35m (0.4ms)[0m  select sqlite_version(*)
  [1m[36m (0.2ms)[0m  [1mSELECT "schema_migrations"."version" FROM "schema_migrations" [0m
  [1m[35m (0.0ms)[0m  PRAGMA index_list("categories")
  [1m[36m (0.0ms)[0m  [1mPRAGMA index_list("products")[0m


Started GET "/" for 127.0.0.1 at 2013-09-10 15:05:43 +0530
  Processing by ProductsController#index as HTML
  [1m[36mProduct Load (0.2ms)[0m  [1mSELECT "products".* FROM "products" ORDER BY released_at desc[0m
Rendered products/index.html.erb within layouts/application (5.5ms)
Compiled application.css  (1ms)  (pid 6505)
Compiled products.css  (10ms)  (pid 6505)
Compiled application.js  (4ms)  (pid 6505)
Compiled jquery.js  (52ms)  (pid 6505)
Compiled jquery_ujs.js  (1ms)  (pid 6505)
Compiled products.js  (452ms)  (pid 6505)
Completed 200 OK in 594ms (Views: 593.1ms | ActiveRecord: 0.2ms)


Started GET "/assets/application.css?body=1" for 127.0.0.1 at 2013-09-10 15:05:44 +0530
Served asset /application.css - 200 OK (16ms)


Started GET "/assets/jquery_ujs.js?body=1" for 127.0.0.1 at 2013-09-10 15:05:44 +0530
Served asset /jquery_ujs.js - 200 OK (14ms)


Started GET "/assets/application.js?body=1" for 127.0.0.1 at 2013-09-10 15:05:44 +0530
Served asset /application.js - 200 OK (30ms)


Started GET "/assets/products.js?body=1" for 127.0.0.1 at 2013-09-10 15:05:44 +0530
Served asset /products.js - 200 OK (6ms)


Started GET "/assets/jquery.js?body=1" for 127.0.0.1 at 2013-09-10 15:05:44 +0530
Served asset /jquery.js - 200 OK (51ms)


Started GET "/assets/products.css?body=1" for 127.0.0.1 at 2013-09-10 15:05:44 +0530
Served asset /products.css - 200 OK (5ms)


Started GET "/administration" for 127.0.0.1 at 2013-09-10 15:05:48 +0530

ActionController::RoutingError (No route matches [GET] "/administration"):
  

Rendered /Users/bedrocket/.rvm/gems/ruby-1.9.3-p429/gems/actionpack-3.1.0/lib/action_dispatch/middleware/templates/rescues/routing_error.erb within rescues/layout (0.9ms)


Started GET "/admin" for 127.0.0.1 at 2013-09-10 15:05:55 +0530

ActionController::RoutingError (No route matches [GET] "/admin"):
  

Rendered /Users/bedrocket/.rvm/gems/ruby-1.9.3-p429/gems/actionpack-3.1.0/lib/action_dispatch/middleware/templates/rescues/routing_error.erb within rescues/layout (1.0ms)


Started GET "/admin" for 127.0.0.1 at 2013-09-10 15:05:58 +0530

ActionController::RoutingError (No route matches [GET] "/admin"):
  

Rendered /Users/bedrocket/.rvm/gems/ruby-1.9.3-p429/gems/actionpack-3.1.0/lib/action_dispatch/middleware/templates/rescues/routing_error.erb within rescues/layout (0.8ms)
  [1m[36mFixture Delete (0.4ms)[0m  [1mDELETE FROM "categories"[0m
  [1m[35mFixture Insert (0.2ms)[0m  INSERT INTO "categories" ("name", "created_at", "updated_at", "id") VALUES ('Electronics', '2013-09-10 09:36:21', '2013-09-10 09:36:21', 398712010)
  [1m[36mFixture Insert (0.1ms)[0m  [1mINSERT INTO "categories" ("name", "created_at", "updated_at", "id") VALUES ('Clothing', '2013-09-10 09:36:21', '2013-09-10 09:36:21', 329005233)[0m
  [1m[35mFixture Insert (0.2ms)[0m  INSERT INTO "categories" ("name", "created_at", "updated_at", "id") VALUES ('Groceries', '2013-09-10 09:36:21', '2013-09-10 09:36:21', 92598330)
  [1m[36mFixture Insert (0.1ms)[0m  [1mINSERT INTO "categories" ("name", "created_at", "updated_at", "id") VALUES ('Toys & Games', '2013-09-10 09:36:21', '2013-09-10 09:36:21', 828606197)[0m
  [1m[35mFixture Insert (0.1ms)[0m  INSERT INTO "categories" ("name", "created_at", "updated_at", "id") VALUES ('Furniture', '2013-09-10 09:36:21', '2013-09-10 09:36:21', 643685044)
  [1m[36mFixture Delete (0.3ms)[0m  [1mDELETE FROM "products"[0m
  [1m[35mFixture Insert (0.2ms)[0m  INSERT INTO "products" ("id", "name", "price", "released_at", "created_at", "updated_at", "category_id") VALUES (1, 'Settlers of Catan', 29.95, '2011-08-22 00:00:00.000000', '2013-09-10 09:36:21', '2013-09-10 09:36:21', 828606197)
  [1m[36mFixture Insert (0.1ms)[0m  [1mINSERT INTO "products" ("id", "name", "price", "released_at", "created_at", "updated_at", "category_id") VALUES (2, 'DVD Player', 79.99, '2011-07-07 00:00:00.000000', '2013-09-10 09:36:21', '2013-09-10 09:36:21', 398712010)[0m
  [1m[35mFixture Insert (0.1ms)[0m  INSERT INTO "products" ("id", "name", "price", "released_at", "created_at", "updated_at", "category_id") VALUES (3, 'Red T-Shirt', 12.49, '2011-05-20 00:00:00.000000', '2013-09-10 09:36:21', '2013-09-10 09:36:21', 329005233)
  [1m[36mFixture Insert (0.1ms)[0m  [1mINSERT INTO "products" ("id", "name", "price", "released_at", "created_at", "updated_at", "category_id") VALUES (4, 'Black Leather Couch', 399.99, '2011-07-20 00:00:00.000000', '2013-09-10 09:36:21', '2013-09-10 09:36:21', 643685044)[0m
  [1m[35mFixture Insert (0.1ms)[0m  INSERT INTO "products" ("id", "name", "price", "released_at", "created_at", "updated_at", "category_id") VALUES (5, 'Oak Coffee Table', 223.99, '2011-08-14 00:00:00.000000', '2013-09-10 09:36:21', '2013-09-10 09:36:21', 643685044)
  [1m[36mFixture Insert (0.1ms)[0m  [1mINSERT INTO "products" ("id", "name", "price", "released_at", "created_at", "updated_at", "category_id") VALUES (6, '1 Gallon Milk', 2.99, '2011-06-07 00:00:00.000000', '2013-09-10 09:36:21', '2013-09-10 09:36:21', 92598330)[0m
  [1m[35mFixture Insert (0.1ms)[0m  INSERT INTO "products" ("id", "name", "price", "released_at", "created_at", "updated_at", "category_id") VALUES (7, 'Oh''s Cereal', 3.95, '2011-05-15 00:00:00.000000', '2013-09-10 09:36:21', '2013-09-10 09:36:21', 92598330)
  [1m[36mFixture Insert (0.1ms)[0m  [1mINSERT INTO "products" ("id", "name", "price", "released_at", "created_at", "updated_at", "category_id") VALUES (8, 'Video Game Console', 299.95, '2011-06-20 00:00:00.000000', '2013-09-10 09:36:21', '2013-09-10 09:36:21', 398712010)[0m
  [1m[35mFixture Insert (0.1ms)[0m  INSERT INTO "products" ("id", "name", "price", "released_at", "created_at", "updated_at", "category_id") VALUES (9, 'Video Game', 29.95, '2011-07-24 00:00:00.000000', '2013-09-10 09:36:21', '2013-09-10 09:36:21', 398712010)
  [1m[36m (38.4ms)[0m  [1mSELECT "schema_migrations"."version" FROM "schema_migrations" [0m
Migrating to CreateProducts (20110919171838)
Migrating to CreateCategories (20110919174935)
Migrating to AddCategoryIdToProducts (20110919174955)
Migrating to DeviseCreateAdminUsers (20130910094000)
  [1m[35m (0.1ms)[0m  select sqlite_version(*)
  [1m[36m (0.7ms)[0m  [1mCREATE TABLE "admin_users" ("id" INTEGER PRIMARY KEY AUTOINCREMENT NOT NULL, "email" varchar(255) DEFAULT '' NOT NULL, "encrypted_password" varchar(255) DEFAULT '' NOT NULL, "reset_password_token" varchar(255), "reset_password_sent_at" datetime, "remember_created_at" datetime, "sign_in_count" integer DEFAULT 0, "current_sign_in_at" datetime, "last_sign_in_at" datetime, "current_sign_in_ip" varchar(255), "last_sign_in_ip" varchar(255), "created_at" datetime, "updated_at" datetime) [0m
  [1m[35m (0.0ms)[0m  PRAGMA index_list("admin_users")
  [1m[36m (0.4ms)[0m  [1mCREATE UNIQUE INDEX "index_admin_users_on_email" ON "admin_users" ("email")[0m
  [1m[35m (0.1ms)[0m  PRAGMA index_list("admin_users")
  [1m[36m (0.0ms)[0m  [1mPRAGMA index_info('index_admin_users_on_email')[0m
  [1m[35m (0.2ms)[0m  CREATE UNIQUE INDEX "index_admin_users_on_reset_password_token" ON "admin_users" ("reset_password_token")
  [1m[36m (0.1ms)[0m  [1mSELECT 1 FROM "admin_users" WHERE "admin_users"."email" = 'admin@example.com' LIMIT 1[0m
  [1m[35mSQL (42.6ms)[0m  INSERT INTO "admin_users" ("created_at", "current_sign_in_at", "current_sign_in_ip", "email", "encrypted_password", "last_sign_in_at", "last_sign_in_ip", "remember_created_at", "reset_password_sent_at", "reset_password_token", "sign_in_count", "updated_at") VALUES (?, ?, ?, ?, ?, ?, ?, ?, ?, ?, ?, ?)  [["created_at", Tue, 10 Sep 2013 09:40:26 UTC +00:00], ["current_sign_in_at", nil], ["current_sign_in_ip", nil], ["email", "admin@example.com"], ["encrypted_password", "$2a$10$qxCXcPpT7cQv/w32nD64AONkU0rgi09lHzPTmnHkqxDdB4KxbaNW6"], ["last_sign_in_at", nil], ["last_sign_in_ip", nil], ["remember_created_at", nil], ["reset_password_sent_at", nil], ["reset_password_token", nil], ["sign_in_count", 0], ["updated_at", Tue, 10 Sep 2013 09:40:26 UTC +00:00]]
  [1m[36m (0.5ms)[0m  [1mINSERT INTO "schema_migrations" ("version") VALUES ('20130910094000')[0m
Migrating to CreateAdminNotes (20130910094006)
  [1m[35m (0.6ms)[0m  CREATE TABLE "admin_notes" ("id" INTEGER PRIMARY KEY AUTOINCREMENT NOT NULL, "resource_id" varchar(255) NOT NULL, "resource_type" varchar(255) NOT NULL, "admin_user_id" integer, "admin_user_type" varchar(255), "body" text, "created_at" datetime, "updated_at" datetime) 
  [1m[36m (0.0ms)[0m  [1mPRAGMA index_list("admin_notes")[0m
  [1m[35m (0.2ms)[0m  CREATE INDEX "index_admin_notes_on_resource_type_and_resource_id" ON "admin_notes" ("resource_type", "resource_id")
  [1m[36m (0.0ms)[0m  [1mPRAGMA index_list("admin_notes")[0m
  [1m[35m (0.0ms)[0m  PRAGMA index_info('index_admin_notes_on_resource_type_and_resource_id')
  [1m[36m (0.2ms)[0m  [1mCREATE INDEX "index_admin_notes_on_admin_user_type_and_admin_user_id" ON "admin_notes" ("admin_user_type", "admin_user_id")[0m
  [1m[35m (0.2ms)[0m  INSERT INTO "schema_migrations" ("version") VALUES ('20130910094006')
Migrating to MoveAdminNotesToComments (20130910094007)
  [1m[36m (0.1ms)[0m  [1mPRAGMA index_list("admin_notes")[0m
  [1m[35m (0.0ms)[0m  PRAGMA index_info('index_admin_notes_on_admin_user_type_and_admin_user_id')
  [1m[36m (0.0ms)[0m  [1mPRAGMA index_info('index_admin_notes_on_resource_type_and_resource_id')[0m
  [1m[35m (0.6ms)[0m  DROP INDEX "index_admin_notes_on_admin_user_type_and_admin_user_id"
  [1m[36m (17.0ms)[0m  [1mALTER TABLE "admin_notes" RENAME TO "active_admin_comments"[0m
  [1m[35m (0.7ms)[0m  CREATE TEMPORARY TABLE "altered_active_admin_comments" ("id" INTEGER PRIMARY KEY AUTOINCREMENT NOT NULL, "resource_id" varchar(255) NOT NULL, "resource_type" varchar(255) NOT NULL, "admin_user_id" integer, "author_type" varchar(255), "body" text, "created_at" datetime, "updated_at" datetime) 
  [1m[36m (0.1ms)[0m  [1mPRAGMA index_list("active_admin_comments")[0m
  [1m[35m (0.0ms)[0m  PRAGMA index_info('index_admin_notes_on_resource_type_and_resource_id')
  [1m[36m (0.1ms)[0m  [1mPRAGMA index_list("altered_active_admin_comments")[0m
  [1m[35m (1.5ms)[0m  CREATE INDEX "temp_index_admin_notes_on_resource_type_and_resource_id" ON "altered_active_admin_comments" ("resource_type", "resource_id")
  [1m[36m (0.1ms)[0m  [1mSELECT * FROM "active_admin_comments"[0m
  [1m[35m (22.9ms)[0m  DROP TABLE "active_admin_comments"
  [1m[36m (0.2ms)[0m  [1mCREATE TABLE "active_admin_comments" ("id" INTEGER PRIMARY KEY AUTOINCREMENT NOT NULL, "resource_id" varchar(255) NOT NULL, "resource_type" varchar(255) NOT NULL, "admin_user_id" integer, "author_type" varchar(255), "body" text, "created_at" datetime, "updated_at" datetime) [0m
  [1m[35m (0.0ms)[0m  PRAGMA index_list("altered_active_admin_comments")
  [1m[36m (0.0ms)[0m  [1mPRAGMA index_info('temp_index_admin_notes_on_resource_type_and_resource_id')[0m
  [1m[35m (0.1ms)[0m  PRAGMA index_list("active_admin_comments")
  [1m[36m (0.2ms)[0m  [1mCREATE INDEX "index_admin_notes_on_resource_type_and_resource_id" ON "active_admin_comments" ("resource_type", "resource_id")[0m
  [1m[35m (0.1ms)[0m  SELECT * FROM "altered_active_admin_comments"
  [1m[36m (0.5ms)[0m  [1mDROP TABLE "altered_active_admin_comments"[0m
  [1m[35m (0.3ms)[0m  CREATE TEMPORARY TABLE "altered_active_admin_comments" ("id" INTEGER PRIMARY KEY AUTOINCREMENT NOT NULL, "resource_id" varchar(255) NOT NULL, "resource_type" varchar(255) NOT NULL, "author_id" integer, "author_type" varchar(255), "body" text, "created_at" datetime, "updated_at" datetime) 
  [1m[36m (0.0ms)[0m  [1mPRAGMA index_list("active_admin_comments")[0m
  [1m[35m (0.0ms)[0m  PRAGMA index_info('index_admin_notes_on_resource_type_and_resource_id')
  [1m[36m (0.0ms)[0m  [1mPRAGMA index_list("altered_active_admin_comments")[0m
  [1m[35m (0.2ms)[0m  CREATE INDEX "temp_index_admin_notes_on_resource_type_and_resource_id" ON "altered_active_admin_comments" ("resource_type", "resource_id")
  [1m[36m (0.1ms)[0m  [1mSELECT * FROM "active_admin_comments"[0m
  [1m[35m (0.3ms)[0m  DROP TABLE "active_admin_comments"
  [1m[36m (0.2ms)[0m  [1mCREATE TABLE "active_admin_comments" ("id" INTEGER PRIMARY KEY AUTOINCREMENT NOT NULL, "resource_id" varchar(255) NOT NULL, "resource_type" varchar(255) NOT NULL, "author_id" integer, "author_type" varchar(255), "body" text, "created_at" datetime, "updated_at" datetime) [0m
  [1m[35m (0.0ms)[0m  PRAGMA index_list("altered_active_admin_comments")
  [1m[36m (0.0ms)[0m  [1mPRAGMA index_info('temp_index_admin_notes_on_resource_type_and_resource_id')[0m
  [1m[35m (0.1ms)[0m  PRAGMA index_list("active_admin_comments")
  [1m[36m (0.4ms)[0m  [1mCREATE INDEX "index_admin_notes_on_resource_type_and_resource_id" ON "active_admin_comments" ("resource_type", "resource_id")[0m
  [1m[35m (0.1ms)[0m  SELECT * FROM "altered_active_admin_comments"
  [1m[36m (0.2ms)[0m  [1mDROP TABLE "altered_active_admin_comments"[0m
  [1m[35m (0.2ms)[0m  ALTER TABLE "active_admin_comments" ADD "namespace" varchar(255)
  [1m[36m (0.1ms)[0m  [1mPRAGMA index_list("active_admin_comments")[0m
  [1m[35m (0.0ms)[0m  PRAGMA index_info('index_admin_notes_on_resource_type_and_resource_id')
  [1m[36m (0.2ms)[0m  [1mCREATE INDEX "index_active_admin_comments_on_namespace" ON "active_admin_comments" ("namespace")[0m
  [1m[35m (0.0ms)[0m  PRAGMA index_list("active_admin_comments")
  [1m[36m (0.0ms)[0m  [1mPRAGMA index_info('index_active_admin_comments_on_namespace')[0m
  [1m[35m (0.0ms)[0m  PRAGMA index_info('index_admin_notes_on_resource_type_and_resource_id')
  [1m[36m (0.2ms)[0m  [1mCREATE INDEX "index_active_admin_comments_on_author_type_and_author_id" ON "active_admin_comments" ("author_type", "author_id")[0m
  [1m[35m (0.2ms)[0m  UPDATE active_admin_comments SET namespace='admin'
  [1m[36m (0.2ms)[0m  [1mINSERT INTO "schema_migrations" ("version") VALUES ('20130910094007')[0m
  [1m[35m (0.5ms)[0m  select sqlite_version(*)
  [1m[36m (0.2ms)[0m  [1mSELECT "schema_migrations"."version" FROM "schema_migrations" [0m
  [1m[35m (0.1ms)[0m  PRAGMA index_list("active_admin_comments")
  [1m[36m (0.0ms)[0m  [1mPRAGMA index_info('index_active_admin_comments_on_author_type_and_author_id')[0m
  [1m[35m (0.0ms)[0m  PRAGMA index_info('index_active_admin_comments_on_namespace')
  [1m[36m (0.0ms)[0m  [1mPRAGMA index_info('index_admin_notes_on_resource_type_and_resource_id')[0m
  [1m[35m (0.1ms)[0m  PRAGMA index_list("admin_users")
  [1m[36m (0.0ms)[0m  [1mPRAGMA index_info('index_admin_users_on_reset_password_token')[0m
  [1m[35m (0.0ms)[0m  PRAGMA index_info('index_admin_users_on_email')
  [1m[36m (0.0ms)[0m  [1mPRAGMA index_list("categories")[0m
  [1m[35m (0.5ms)[0m  PRAGMA index_list("products")
  [1m[36m (3.5ms)[0m  [1mSELECT "schema_migrations"."version" FROM "schema_migrations" [0m
Migrating to CreateProducts (20110919171838)
Migrating to CreateCategories (20110919174935)
Migrating to AddCategoryIdToProducts (20110919174955)
Migrating to DeviseCreateAdminUsers (20130910094000)
Migrating to CreateAdminNotes (20130910094006)
Migrating to MoveAdminNotesToComments (20130910094007)
  [1m[35m (0.5ms)[0m  select sqlite_version(*)
  [1m[36m (0.2ms)[0m  [1mSELECT "schema_migrations"."version" FROM "schema_migrations" [0m
  [1m[35m (0.1ms)[0m  PRAGMA index_list("active_admin_comments")
  [1m[36m (0.0ms)[0m  [1mPRAGMA index_info('index_active_admin_comments_on_author_type_and_author_id')[0m
  [1m[35m (0.0ms)[0m  PRAGMA index_info('index_active_admin_comments_on_namespace')
  [1m[36m (0.0ms)[0m  [1mPRAGMA index_info('index_admin_notes_on_resource_type_and_resource_id')[0m
  [1m[35m (0.1ms)[0m  PRAGMA index_list("admin_users")
  [1m[36m (0.0ms)[0m  [1mPRAGMA index_info('index_admin_users_on_reset_password_token')[0m
  [1m[35m (0.0ms)[0m  PRAGMA index_info('index_admin_users_on_email')
  [1m[36m (0.0ms)[0m  [1mPRAGMA index_list("categories")[0m
  [1m[35m (0.0ms)[0m  PRAGMA index_list("products")


Started GET "/admin" for 127.0.0.1 at 2013-09-10 15:13:15 +0530
  Processing by Admin::DashboardController#index as HTML
Completed 401 Unauthorized in 3ms


Started GET "/admin/login" for 127.0.0.1 at 2013-09-10 15:13:16 +0530
  Processing by ActiveAdmin::Devise::SessionsController#new as HTML
Rendered /Users/bedrocket/.rvm/gems/ruby-1.9.3-p429/gems/activeadmin-0.6.0/app/views/active_admin/devise/shared/_links.erb (2.0ms)
Rendered /Users/bedrocket/.rvm/gems/ruby-1.9.3-p429/gems/activeadmin-0.6.0/app/views/active_admin/devise/sessions/new.html.erb within layouts/active_admin_logged_out (194.9ms)
Compiled active_admin.css  (3050ms)  (pid 6574)
Compiled active_admin/print.css  (140ms)  (pid 6574)
Compiled active_admin.js  (13ms)  (pid 6574)
Completed 500 Internal Server Error in 3691ms

ActionView::Template::Error (couldn't find file 'jquery-ui'
  (in /Users/bedrocket/.rvm/gems/ruby-1.9.3-p429/gems/activeadmin-0.6.0/app/assets/javascripts/active_admin/base.js:2)):
    9:     <%= stylesheet_link_tag style.path, style.options.dup %>
    10:   <% end %>
    11:   <% ActiveAdmin.application.javascripts.each do |path| %>
    12:     <%= javascript_include_tag path %>
    13:   <% end %>
    14: 
    15:   <%= csrf_meta_tag %>
  

Rendered /Users/bedrocket/.rvm/gems/ruby-1.9.3-p429/gems/actionpack-3.1.0/lib/action_dispatch/middleware/templates/rescues/_trace.erb (1.8ms)
Rendered /Users/bedrocket/.rvm/gems/ruby-1.9.3-p429/gems/actionpack-3.1.0/lib/action_dispatch/middleware/templates/rescues/_request_and_response.erb (1.6ms)
Rendered /Users/bedrocket/.rvm/gems/ruby-1.9.3-p429/gems/actionpack-3.1.0/lib/action_dispatch/middleware/templates/rescues/template_error.erb within rescues/layout (8.0ms)


Started GET "/" for 127.0.0.1 at 2013-09-10 15:18:11 +0530

ActionController::RoutingError (uninitialized constant DashboardController):
  

Rendered /Users/bedrocket/.rvm/gems/ruby-1.9.3-p429/gems/actionpack-3.1.0/lib/action_dispatch/middleware/templates/rescues/routing_error.erb within rescues/layout (9.1ms)


Started GET "/administration" for 127.0.0.1 at 2013-09-10 15:18:18 +0530

ActionController::RoutingError (No route matches [GET] "/administration"):
  

Rendered /Users/bedrocket/.rvm/gems/ruby-1.9.3-p429/gems/actionpack-3.1.0/lib/action_dispatch/middleware/templates/rescues/routing_error.erb within rescues/layout (0.7ms)


Started GET "/admin" for 127.0.0.1 at 2013-09-10 15:18:24 +0530
  Processing by Admin::DashboardController#index as HTML
Completed 401 Unauthorized in 83ms


Started GET "/admin/login" for 127.0.0.1 at 2013-09-10 15:18:24 +0530
  Processing by ActiveAdmin::Devise::SessionsController#new as HTML
Rendered /Users/bedrocket/.rvm/gems/ruby-1.9.3-p429/gems/activeadmin-0.6.0/app/views/active_admin/devise/shared/_links.erb (2.3ms)
Rendered /Users/bedrocket/.rvm/gems/ruby-1.9.3-p429/gems/activeadmin-0.6.0/app/views/active_admin/devise/sessions/new.html.erb within layouts/active_admin_logged_out (289.3ms)
Compiled active_admin.js  (19ms)  (pid 6619)
Completed 500 Internal Server Error in 520ms

ActionView::Template::Error (couldn't find file 'jquery-ui'
  (in /Users/bedrocket/.rvm/gems/ruby-1.9.3-p429/gems/activeadmin-0.6.0/app/assets/javascripts/active_admin/base.js:2)):
    9:     <%= stylesheet_link_tag style.path, style.options.dup %>
    10:   <% end %>
    11:   <% ActiveAdmin.application.javascripts.each do |path| %>
    12:     <%= javascript_include_tag path %>
    13:   <% end %>
    14: 
    15:   <%= csrf_meta_tag %>
  

Rendered /Users/bedrocket/.rvm/gems/ruby-1.9.3-p429/gems/actionpack-3.1.0/lib/action_dispatch/middleware/templates/rescues/_trace.erb (1.7ms)
Rendered /Users/bedrocket/.rvm/gems/ruby-1.9.3-p429/gems/actionpack-3.1.0/lib/action_dispatch/middleware/templates/rescues/_request_and_response.erb (1.9ms)
Rendered /Users/bedrocket/.rvm/gems/ruby-1.9.3-p429/gems/actionpack-3.1.0/lib/action_dispatch/middleware/templates/rescues/template_error.erb within rescues/layout (8.1ms)


Started GET "/" for 127.0.0.1 at 2013-09-10 15:24:01 +0530

ActionController::RoutingError (uninitialized constant DashboardController):
  

Rendered /Users/bedrocket/.rvm/gems/ruby-1.9.3-p429/gems/actionpack-3.1.0/lib/action_dispatch/middleware/templates/rescues/routing_error.erb within rescues/layout (8.7ms)


Started GET "/administration" for 127.0.0.1 at 2013-09-10 15:24:09 +0530

ActionController::RoutingError (No route matches [GET] "/administration"):
  

Rendered /Users/bedrocket/.rvm/gems/ruby-1.9.3-p429/gems/actionpack-3.1.0/lib/action_dispatch/middleware/templates/rescues/routing_error.erb within rescues/layout (0.8ms)


Started GET "/admin" for 127.0.0.1 at 2013-09-10 15:24:10 +0530
  Processing by Admin::DashboardController#index as HTML
Completed 401 Unauthorized in 38ms


Started GET "/admin/login" for 127.0.0.1 at 2013-09-10 15:24:10 +0530
  Processing by ActiveAdmin::Devise::SessionsController#new as HTML
Rendered /Users/bedrocket/.rvm/gems/ruby-1.9.3-p429/gems/activeadmin-0.6.0/app/views/active_admin/devise/shared/_links.erb (2.1ms)
Rendered /Users/bedrocket/.rvm/gems/ruby-1.9.3-p429/gems/activeadmin-0.6.0/app/views/active_admin/devise/sessions/new.html.erb within layouts/active_admin_logged_out (207.1ms)
Compiled active_admin.js  (12ms)  (pid 6666)
Compiled active_admin/base.js  (31ms)  (pid 6666)
Compiled jquery.js  (27ms)  (pid 6666)
Compiled jquery-ui.js  (24ms)  (pid 6666)
Compiled jquery_ujs.js  (3ms)  (pid 6666)
Compiled active_admin/application.js  (6ms)  (pid 6666)
Compiled active_admin/lib/namespace.js  (1245ms)  (pid 6666)
Compiled active_admin/components/jquery.aa.checkbox-toggler.js  (333ms)  (pid 6666)
Compiled active_admin/components/jquery.aa.dropdown-menu.js  (285ms)  (pid 6666)
Compiled active_admin/components/jquery.aa.popover.js  (281ms)  (pid 6666)
Compiled active_admin/components/jquery.aa.table-checkbox-toggler.js  (155ms)  (pid 6666)
Compiled active_admin/pages/application.js  (139ms)  (pid 6666)
Compiled active_admin/pages/batch_actions.js  (210ms)  (pid 6666)
Completed 200 OK in 3399ms (Views: 3303.7ms | ActiveRecord: 0.9ms)


Started GET "/assets/active_admin.css?body=1" for 127.0.0.1 at 2013-09-10 15:24:14 +0530
Served asset /active_admin.css - 200 OK (36ms)


Started GET "/assets/active_admin/lib/namespace.js?body=1" for 127.0.0.1 at 2013-09-10 15:24:14 +0530
Served asset /active_admin/lib/namespace.js - 200 OK (94ms)


Started GET "/assets/active_admin/components/jquery.aa.checkbox-toggler.js?body=1" for 127.0.0.1 at 2013-09-10 15:24:14 +0530
Served asset /active_admin/components/jquery.aa.checkbox-toggler.js - 200 OK (8ms)


Started GET "/assets/active_admin/components/jquery.aa.dropdown-menu.js?body=1" for 127.0.0.1 at 2013-09-10 15:24:14 +0530
Served asset /active_admin/components/jquery.aa.dropdown-menu.js - 200 OK (6ms)


Started GET "/assets/active_admin/pages/batch_actions.js?body=1" for 127.0.0.1 at 2013-09-10 15:24:14 +0530
Served asset /active_admin/pages/batch_actions.js - 200 OK (19ms)


Started GET "/assets/active_admin/components/jquery.aa.table-checkbox-toggler.js?body=1" for 127.0.0.1 at 2013-09-10 15:24:14 +0530
Served asset /active_admin/components/jquery.aa.table-checkbox-toggler.js - 200 OK (9ms)


Started GET "/assets/active_admin/pages/application.js?body=1" for 127.0.0.1 at 2013-09-10 15:24:14 +0530
Served asset /active_admin/pages/application.js - 200 OK (12ms)


Started GET "/assets/active_admin/components/jquery.aa.popover.js?body=1" for 127.0.0.1 at 2013-09-10 15:24:14 +0530
Served asset /active_admin/components/jquery.aa.popover.js - 200 OK (8ms)


Started GET "/assets/active_admin/application.js?body=1" for 127.0.0.1 at 2013-09-10 15:24:14 +0530
Served asset /active_admin/application.js - 200 OK (9ms)


Started GET "/assets/jquery.js?body=1" for 127.0.0.1 at 2013-09-10 15:24:14 +0530
Served asset /jquery.js - 200 OK (11ms)


Started GET "/assets/jquery_ujs.js?body=1" for 127.0.0.1 at 2013-09-10 15:24:14 +0530
Served asset /jquery_ujs.js - 200 OK (18ms)


Started GET "/assets/jquery-ui.js?body=1" for 127.0.0.1 at 2013-09-10 15:24:14 +0530
Served asset /jquery-ui.js - 200 OK (22ms)


Started GET "/assets/active_admin/base.js?body=1" for 127.0.0.1 at 2013-09-10 15:24:14 +0530
Served asset /active_admin/base.js - 200 OK (17ms)


Started GET "/assets/active_admin/print.css?body=1" for 127.0.0.1 at 2013-09-10 15:24:14 +0530
Served asset /active_admin/print.css - 200 OK (2ms)


Started GET "/assets/active_admin.js?body=1" for 127.0.0.1 at 2013-09-10 15:24:14 +0530
Served asset /active_admin.js - 200 OK (10ms)


Started POST "/admin/login" for 127.0.0.1 at 2013-09-10 15:24:43 +0530
  Processing by ActiveAdmin::Devise::SessionsController#create as HTML
  Parameters: {"utf8"=>"✓", "authenticity_token"=>"/78BfFavDdVIPlaL3wA55NqonVvxTY6mngWuBnIqbc0=", "admin_user"=>{"email"=>"admin@example.com", "password"=>"[FILTERED]", "remember_me"=>"0"}, "commit"=>"<span class="}
  [1m[36mAdminUser Load (32.3ms)[0m  [1mSELECT "admin_users".* FROM "admin_users" WHERE "admin_users"."email" = 'admin@example.com' LIMIT 1[0m
  [1m[35m (24.3ms)[0m  UPDATE "admin_users" SET "last_sign_in_at" = '2013-09-10 09:54:43.460314', "current_sign_in_at" = '2013-09-10 09:54:43.460314', "last_sign_in_ip" = '127.0.0.1', "current_sign_in_ip" = '127.0.0.1', "sign_in_count" = 1, "updated_at" = '2013-09-10 09:54:43.461218' WHERE "admin_users"."id" = 1
Redirected to http://localhost:3000/admin
Completed 302 Found in 445ms


Started GET "/admin" for 127.0.0.1 at 2013-09-10 15:24:43 +0530
  Processing by Admin::DashboardController#index as HTML
  [1m[36mAdminUser Load (0.2ms)[0m  [1mSELECT "admin_users".* FROM "admin_users" WHERE "admin_users"."id" = 1 LIMIT 1[0m
Rendered /Users/bedrocket/.rvm/gems/ruby-1.9.3-p429/gems/activeadmin-0.6.0/app/views/active_admin/page/index.html.arb (46.8ms)
Completed 200 OK in 163ms (Views: 62.2ms | ActiveRecord: 1.3ms)


Started GET "/assets/active_admin.js" for 127.0.0.1 at 2013-09-10 15:24:43 +0530
Served asset /active_admin.js - 200 OK (0ms)


Started GET "/admin" for 127.0.0.1 at 2013-09-10 15:30:35 +0530
  Processing by Admin::DashboardController#index as HTML
  [1m[35mAdminUser Load (26.4ms)[0m  SELECT "admin_users".* FROM "admin_users" WHERE "admin_users"."id" = 1 LIMIT 1
Rendered /Users/bedrocket/.rvm/gems/ruby-1.9.3-p429/gems/activeadmin-0.6.0/app/views/active_admin/page/index.html.arb (29.7ms)
Completed 200 OK in 683ms (Views: 77.4ms | ActiveRecord: 39.7ms)


Started GET "/assets/active_admin.js" for 127.0.0.1 at 2013-09-10 15:30:36 +0530
Served asset /active_admin.js - 304 Not Modified (1ms)


Started GET "/assets/active_admin.css?body=1" for 127.0.0.1 at 2013-09-10 15:30:36 +0530
Served asset /active_admin.css - 304 Not Modified (3ms)


Started GET "/assets/active_admin/print.css?body=1" for 127.0.0.1 at 2013-09-10 15:30:36 +0530
Served asset /active_admin/print.css - 304 Not Modified (0ms)


Started GET "/admin/admin_users" for 127.0.0.1 at 2013-09-10 15:30:43 +0530
  Processing by Admin::AdminUsersController#index as HTML
  [1m[36mAdminUser Load (0.2ms)[0m  [1mSELECT "admin_users".* FROM "admin_users" WHERE "admin_users"."id" = 1 LIMIT 1[0m
  [1m[35m (0.3ms)[0m  SELECT COUNT(count_column) FROM (SELECT 1 AS count_column FROM "admin_users" LIMIT 30 OFFSET 0) subquery_for_count 
  [1m[36m (14.1ms)[0m  [1mSELECT COUNT(*) FROM "admin_users" [0m
  [1m[35mCACHE (0.0ms)[0m  SELECT COUNT(count_column) FROM (SELECT 1 AS count_column FROM "admin_users" LIMIT 30 OFFSET 0) subquery_for_count 
  [1m[36mAdminUser Load (0.3ms)[0m  [1mSELECT "admin_users".* FROM "admin_users" ORDER BY "admin_users"."id" desc LIMIT 30 OFFSET 0[0m
Rendered /Users/bedrocket/.rvm/gems/ruby-1.9.3-p429/gems/activeadmin-0.6.0/app/views/active_admin/resource/index.html.arb (446.9ms)
Completed 200 OK in 904ms (Views: 450.9ms | ActiveRecord: 16.3ms)


Started GET "/assets/active_admin.css?body=1" for 127.0.0.1 at 2013-09-10 15:30:44 +0530
Served asset /active_admin.css - 304 Not Modified (2ms)


Started GET "/assets/active_admin.js" for 127.0.0.1 at 2013-09-10 15:30:44 +0530
Served asset /active_admin.js - 304 Not Modified (0ms)


Started GET "/assets/active_admin/print.css?body=1" for 127.0.0.1 at 2013-09-10 15:30:44 +0530
Served asset /active_admin/print.css - 304 Not Modified (0ms)


Started GET "/assets/active_admin/orderable.png" for 127.0.0.1 at 2013-09-10 15:30:44 +0530
Served asset /active_admin/orderable.png - 200 OK (77ms)


Started GET "/admin/admin_users/1" for 127.0.0.1 at 2013-09-10 15:30:49 +0530
  Processing by Admin::AdminUsersController#show as HTML
  Parameters: {"id"=>"1"}
  [1m[35mAdminUser Load (0.2ms)[0m  SELECT "admin_users".* FROM "admin_users" WHERE "admin_users"."id" = 1 LIMIT 1
  [1m[36mAdminUser Load (44.0ms)[0m  [1mSELECT "admin_users".* FROM "admin_users" WHERE "admin_users"."id" = ? LIMIT 1[0m  [["id", "1"]]
  [1m[35m (13.2ms)[0m  SELECT COUNT(*) FROM "active_admin_comments" WHERE "active_admin_comments"."resource_type" = 'AdminUser' AND "active_admin_comments"."resource_id" = '1' AND "active_admin_comments"."namespace" = 'admin'
  [1m[36mCACHE (0.0ms)[0m  [1mSELECT COUNT(*) FROM "active_admin_comments" WHERE "active_admin_comments"."resource_type" = 'AdminUser' AND "active_admin_comments"."resource_id" = '1' AND "active_admin_comments"."namespace" = 'admin'[0m
Rendered /Users/bedrocket/.rvm/gems/ruby-1.9.3-p429/gems/activeadmin-0.6.0/app/views/active_admin/resource/show.html.arb (182.8ms)
Completed 200 OK in 427ms (Views: 184.3ms | ActiveRecord: 58.7ms)


Started GET "/assets/active_admin.css?body=1" for 127.0.0.1 at 2013-09-10 15:30:50 +0530
Served asset /active_admin.css - 304 Not Modified (2ms)


Started GET "/assets/active_admin.js" for 127.0.0.1 at 2013-09-10 15:30:50 +0530
Served asset /active_admin.js - 304 Not Modified (0ms)


Started GET "/assets/active_admin/print.css?body=1" for 127.0.0.1 at 2013-09-10 15:30:50 +0530
Served asset /active_admin/print.css - 304 Not Modified (0ms)


Started GET "/admin/admin_users" for 127.0.0.1 at 2013-09-10 15:31:08 +0530
  Processing by Admin::AdminUsersController#index as HTML
  [1m[35mAdminUser Load (0.5ms)[0m  SELECT "admin_users".* FROM "admin_users" WHERE "admin_users"."id" = 1 LIMIT 1
  [1m[36m (0.4ms)[0m  [1mSELECT COUNT(count_column) FROM (SELECT 1 AS count_column FROM "admin_users" LIMIT 30 OFFSET 0) subquery_for_count [0m
  [1m[35m (35.6ms)[0m  SELECT COUNT(*) FROM "admin_users" 
  [1m[36mCACHE (0.0ms)[0m  [1mSELECT COUNT(count_column) FROM (SELECT 1 AS count_column FROM "admin_users" LIMIT 30 OFFSET 0) subquery_for_count [0m
  [1m[35mAdminUser Load (0.3ms)[0m  SELECT "admin_users".* FROM "admin_users" ORDER BY "admin_users"."id" desc LIMIT 30 OFFSET 0
Rendered /Users/bedrocket/.rvm/gems/ruby-1.9.3-p429/gems/activeadmin-0.6.0/app/views/active_admin/resource/index.html.arb (181.4ms)
Completed 200 OK in 304ms (Views: 161.0ms | ActiveRecord: 37.8ms)


Started GET "/assets/active_admin.css?body=1" for 127.0.0.1 at 2013-09-10 15:31:08 +0530
Served asset /active_admin.css - 304 Not Modified (5ms)


Started GET "/assets/active_admin.js" for 127.0.0.1 at 2013-09-10 15:31:08 +0530
Served asset /active_admin.js - 304 Not Modified (0ms)


Started GET "/assets/active_admin/print.css?body=1" for 127.0.0.1 at 2013-09-10 15:31:08 +0530
Served asset /active_admin/print.css - 304 Not Modified (0ms)


Started GET "/admin/products" for 127.0.0.1 at 2013-09-10 15:31:10 +0530
  Processing by Admin::ProductsController#index as HTML
  [1m[36mAdminUser Load (0.2ms)[0m  [1mSELECT "admin_users".* FROM "admin_users" WHERE "admin_users"."id" = 1 LIMIT 1[0m
  [1m[35m (21.4ms)[0m  SELECT COUNT(count_column) FROM (SELECT 1 AS count_column FROM "products" LIMIT 30 OFFSET 0) subquery_for_count 
  [1m[36m (0.2ms)[0m  [1mSELECT COUNT(*) FROM "products" [0m
  [1m[35mCACHE (0.0ms)[0m  SELECT COUNT(count_column) FROM (SELECT 1 AS count_column FROM "products" LIMIT 30 OFFSET 0) subquery_for_count 
  [1m[36mProduct Load (0.3ms)[0m  [1mSELECT "products".* FROM "products" ORDER BY "products"."id" desc LIMIT 30 OFFSET 0[0m
  [1m[35mCategory Load (18.3ms)[0m  SELECT "categories".* FROM "categories" 
Rendered /Users/bedrocket/.rvm/gems/ruby-1.9.3-p429/gems/activeadmin-0.6.0/app/views/active_admin/resource/index.html.arb (696.2ms)
Completed 200 OK in 860ms (Views: 661.6ms | ActiveRecord: 42.5ms)


Started GET "/assets/active_admin.css?body=1" for 127.0.0.1 at 2013-09-10 15:31:10 +0530
Served asset /active_admin.css - 304 Not Modified (2ms)


Started GET "/assets/active_admin.js" for 127.0.0.1 at 2013-09-10 15:31:11 +0530
Served asset /active_admin.js - 304 Not Modified (0ms)


Started GET "/assets/active_admin/print.css?body=1" for 127.0.0.1 at 2013-09-10 15:31:11 +0530
Served asset /active_admin/print.css - 304 Not Modified (0ms)


Started GET "/assets/active_admin/datepicker/datepicker-input-icon.png" for 127.0.0.1 at 2013-09-10 15:31:11 +0530
Served asset /active_admin/datepicker/datepicker-input-icon.png - 200 OK (21ms)


Started GET "/admin" for 127.0.0.1 at 2013-09-10 15:33:11 +0530
  Processing by Admin::DashboardController#index as HTML
  [1m[36mAdminUser Load (0.5ms)[0m  [1mSELECT "admin_users".* FROM "admin_users" WHERE "admin_users"."id" = 1 LIMIT 1[0m
Rendered /Users/bedrocket/.rvm/gems/ruby-1.9.3-p429/gems/activeadmin-0.6.0/app/views/active_admin/page/index.html.arb (13.4ms)
Completed 200 OK in 190ms (Views: 28.2ms | ActiveRecord: 1.5ms)


Started GET "/assets/active_admin.css?body=1" for 127.0.0.1 at 2013-09-10 15:33:11 +0530
Served asset /active_admin.css - 304 Not Modified (9ms)


Started GET "/assets/active_admin.js" for 127.0.0.1 at 2013-09-10 15:33:11 +0530
Served asset /active_admin.js - 304 Not Modified (0ms)


Started GET "/assets/active_admin/print.css?body=1" for 127.0.0.1 at 2013-09-10 15:33:11 +0530
Served asset /active_admin/print.css - 304 Not Modified (0ms)


Started GET "/admin/logout" for 127.0.0.1 at 2013-09-10 15:33:17 +0530
  Processing by ActiveAdmin::Devise::SessionsController#destroy as HTML
  Parameters: {"authenticity_token"=>"sQDFNJ7CJ1mwtknInjERFyKl0VxQQWXYYhXraS0inW0="}
  [1m[35mAdminUser Load (0.2ms)[0m  SELECT "admin_users".* FROM "admin_users" WHERE "admin_users"."id" = 1 LIMIT 1
Redirected to http://localhost:3000/admin
Completed 302 Found in 87ms


Started GET "/admin" for 127.0.0.1 at 2013-09-10 15:33:18 +0530
  Processing by Admin::DashboardController#index as HTML
Completed 401 Unauthorized in 110ms


Started GET "/admin/login" for 127.0.0.1 at 2013-09-10 15:33:18 +0530
  Processing by ActiveAdmin::Devise::SessionsController#new as HTML
Rendered /Users/bedrocket/.rvm/gems/ruby-1.9.3-p429/gems/activeadmin-0.6.0/app/views/active_admin/devise/shared/_links.erb (17.9ms)
Rendered /Users/bedrocket/.rvm/gems/ruby-1.9.3-p429/gems/activeadmin-0.6.0/app/views/active_admin/devise/sessions/new.html.erb within layouts/active_admin_logged_out (102.0ms)
Completed 200 OK in 179ms (Views: 141.5ms | ActiveRecord: 0.9ms)


Started GET "/assets/jquery.js?body=1" for 127.0.0.1 at 2013-09-10 15:33:18 +0530
Served asset /jquery.js - 304 Not Modified (0ms)


Started GET "/assets/jquery_ujs.js?body=1" for 127.0.0.1 at 2013-09-10 15:33:18 +0530
Served asset /jquery_ujs.js - 304 Not Modified (0ms)


Started GET "/assets/active_admin/lib/namespace.js?body=1" for 127.0.0.1 at 2013-09-10 15:33:18 +0530
Served asset /active_admin/lib/namespace.js - 304 Not Modified (0ms)


Started GET "/assets/jquery-ui.js?body=1" for 127.0.0.1 at 2013-09-10 15:33:18 +0530
Served asset /jquery-ui.js - 304 Not Modified (0ms)


Started GET "/assets/active_admin/components/jquery.aa.dropdown-menu.js?body=1" for 127.0.0.1 at 2013-09-10 15:33:18 +0530
Served asset /active_admin/components/jquery.aa.dropdown-menu.js - 304 Not Modified (0ms)


Started GET "/assets/active_admin/components/jquery.aa.checkbox-toggler.js?body=1" for 127.0.0.1 at 2013-09-10 15:33:18 +0530
Served asset /active_admin/components/jquery.aa.checkbox-toggler.js - 304 Not Modified (0ms)


Started GET "/assets/active_admin/components/jquery.aa.popover.js?body=1" for 127.0.0.1 at 2013-09-10 15:33:18 +0530
Served asset /active_admin/components/jquery.aa.popover.js - 304 Not Modified (0ms)


Started GET "/assets/active_admin.css?body=1" for 127.0.0.1 at 2013-09-10 15:33:18 +0530
Served asset /active_admin.css - 304 Not Modified (3ms)


Started GET "/assets/active_admin/components/jquery.aa.table-checkbox-toggler.js?body=1" for 127.0.0.1 at 2013-09-10 15:33:18 +0530
Served asset /active_admin/components/jquery.aa.table-checkbox-toggler.js - 304 Not Modified (0ms)


Started GET "/assets/active_admin/pages/application.js?body=1" for 127.0.0.1 at 2013-09-10 15:33:18 +0530
Served asset /active_admin/pages/application.js - 304 Not Modified (0ms)


Started GET "/assets/active_admin/pages/batch_actions.js?body=1" for 127.0.0.1 at 2013-09-10 15:33:18 +0530
Served asset /active_admin/pages/batch_actions.js - 304 Not Modified (0ms)


Started GET "/assets/active_admin/application.js?body=1" for 127.0.0.1 at 2013-09-10 15:33:18 +0530
Served asset /active_admin/application.js - 304 Not Modified (0ms)


Started GET "/assets/active_admin/print.css?body=1" for 127.0.0.1 at 2013-09-10 15:33:18 +0530
Served asset /active_admin/print.css - 304 Not Modified (0ms)


Started GET "/assets/active_admin/base.js?body=1" for 127.0.0.1 at 2013-09-10 15:33:18 +0530
Served asset /active_admin/base.js - 304 Not Modified (0ms)


Started GET "/assets/active_admin.js?body=1" for 127.0.0.1 at 2013-09-10 15:33:18 +0530
Served asset /active_admin.js - 304 Not Modified (0ms)


Started GET "/" for 127.0.0.1 at 2013-09-10 15:33:36 +0530

ActionController::RoutingError (uninitialized constant DashboardController):
  

Rendered /Users/bedrocket/.rvm/gems/ruby-1.9.3-p429/gems/actionpack-3.1.0/lib/action_dispatch/middleware/templates/rescues/routing_error.erb within rescues/layout (0.8ms)


Started GET "/" for 127.0.0.1 at 2013-09-10 15:36:28 +0530

ActionController::RoutingError (uninitialized constant DashboardController):
  

Rendered /Users/bedrocket/.rvm/gems/ruby-1.9.3-p429/gems/actionpack-3.1.0/lib/action_dispatch/middleware/templates/rescues/routing_error.erb within rescues/layout (9.2ms)


Started GET "/administration" for 127.0.0.1 at 2013-09-10 15:36:34 +0530

ActionController::RoutingError (No route matches [GET] "/administration"):
  

Rendered /Users/bedrocket/.rvm/gems/ruby-1.9.3-p429/gems/actionpack-3.1.0/lib/action_dispatch/middleware/templates/rescues/routing_error.erb within rescues/layout (0.8ms)


Started GET "/admin" for 127.0.0.1 at 2013-09-10 15:36:38 +0530
  Processing by Admin::DashboardController#index as HTML
Completed 401 Unauthorized in 123ms


Started GET "/admin/login" for 127.0.0.1 at 2013-09-10 15:36:38 +0530
  Processing by ActiveAdmin::Devise::SessionsController#new as HTML
Rendered /Users/bedrocket/.rvm/gems/ruby-1.9.3-p429/gems/activeadmin-0.6.0/app/views/active_admin/devise/shared/_links.erb (2.5ms)
Rendered /Users/bedrocket/.rvm/gems/ruby-1.9.3-p429/gems/activeadmin-0.6.0/app/views/active_admin/devise/sessions/new.html.erb within layouts/active_admin_logged_out (277.2ms)
Completed 200 OK in 549ms (Views: 502.7ms | ActiveRecord: 1.2ms)


Started GET "/assets/jquery-ui.js?body=1" for 127.0.0.1 at 2013-09-10 15:36:39 +0530
Served asset /jquery-ui.js - 304 Not Modified (29ms)


Started GET "/assets/jquery_ujs.js?body=1" for 127.0.0.1 at 2013-09-10 15:36:39 +0530
Served asset /jquery_ujs.js - 304 Not Modified (7ms)


Started GET "/assets/active_admin/lib/namespace.js?body=1" for 127.0.0.1 at 2013-09-10 15:36:39 +0530
Served asset /active_admin/lib/namespace.js - 304 Not Modified (3ms)


Started GET "/assets/active_admin/components/jquery.aa.checkbox-toggler.js?body=1" for 127.0.0.1 at 2013-09-10 15:36:39 +0530
Served asset /active_admin/components/jquery.aa.checkbox-toggler.js - 304 Not Modified (2ms)


Started GET "/assets/jquery.js?body=1" for 127.0.0.1 at 2013-09-10 15:36:39 +0530
Served asset /jquery.js - 304 Not Modified (53ms)


Started GET "/assets/active_admin.css?body=1" for 127.0.0.1 at 2013-09-10 15:36:39 +0530
Served asset /active_admin.css - 304 Not Modified (3ms)


Started GET "/assets/active_admin/components/jquery.aa.dropdown-menu.js?body=1" for 127.0.0.1 at 2013-09-10 15:36:39 +0530
Served asset /active_admin/components/jquery.aa.dropdown-menu.js - 304 Not Modified (3ms)


Started GET "/assets/active_admin/components/jquery.aa.popover.js?body=1" for 127.0.0.1 at 2013-09-10 15:36:39 +0530
Served asset /active_admin/components/jquery.aa.popover.js - 304 Not Modified (2ms)


Started GET "/assets/active_admin/components/jquery.aa.table-checkbox-toggler.js?body=1" for 127.0.0.1 at 2013-09-10 15:36:39 +0530
Served asset /active_admin/components/jquery.aa.table-checkbox-toggler.js - 304 Not Modified (2ms)


Started GET "/assets/active_admin/pages/application.js?body=1" for 127.0.0.1 at 2013-09-10 15:36:39 +0530
Served asset /active_admin/pages/application.js - 304 Not Modified (2ms)


Started GET "/assets/active_admin/pages/batch_actions.js?body=1" for 127.0.0.1 at 2013-09-10 15:36:39 +0530
Served asset /active_admin/pages/batch_actions.js - 304 Not Modified (5ms)


Started GET "/assets/active_admin/application.js?body=1" for 127.0.0.1 at 2013-09-10 15:36:39 +0530
Served asset /active_admin/application.js - 304 Not Modified (3ms)


Started GET "/assets/active_admin/print.css?body=1" for 127.0.0.1 at 2013-09-10 15:36:39 +0530
Served asset /active_admin/print.css - 304 Not Modified (0ms)


Started GET "/assets/active_admin/lib/namespace.js?body=1" for 127.0.0.1 at 2013-09-10 15:36:40 +0530
Served asset /active_admin/lib/namespace.js - 304 Not Modified (0ms)


Started GET "/assets/active_admin/base.js?body=1" for 127.0.0.1 at 2013-09-10 15:36:40 +0530
Served asset /active_admin/base.js - 304 Not Modified (13ms)


Started GET "/assets/active_admin.js?body=1" for 127.0.0.1 at 2013-09-10 15:36:40 +0530
Served asset /active_admin.js - 304 Not Modified (0ms)


Started GET "/assets/active_admin/components/jquery.aa.checkbox-toggler.js?body=1" for 127.0.0.1 at 2013-09-10 15:36:40 +0530
Served asset /active_admin/components/jquery.aa.checkbox-toggler.js - 304 Not Modified (0ms)


Started GET "/assets/active_admin/components/jquery.aa.popover.js?body=1" for 127.0.0.1 at 2013-09-10 15:36:40 +0530
Served asset /active_admin/components/jquery.aa.popover.js - 304 Not Modified (0ms)


Started GET "/assets/active_admin/components/jquery.aa.table-checkbox-toggler.js?body=1" for 127.0.0.1 at 2013-09-10 15:36:40 +0530
Served asset /active_admin/components/jquery.aa.table-checkbox-toggler.js - 304 Not Modified (0ms)


Started GET "/assets/active_admin/pages/application.js?body=1" for 127.0.0.1 at 2013-09-10 15:36:40 +0530
Served asset /active_admin/pages/application.js - 304 Not Modified (0ms)


Started GET "/assets/active_admin/pages/batch_actions.js?body=1" for 127.0.0.1 at 2013-09-10 15:36:40 +0530
Served asset /active_admin/pages/batch_actions.js - 304 Not Modified (0ms)


Started GET "/assets/active_admin/application.js?body=1" for 127.0.0.1 at 2013-09-10 15:36:40 +0530
Served asset /active_admin/application.js - 304 Not Modified (0ms)


Started GET "/admin/login" for 127.0.0.1 at 2013-09-10 15:46:59 +0530
  Processing by ActiveAdmin::Devise::SessionsController#new as HTML
Rendered /Users/bedrocket/.rvm/gems/ruby-1.9.3-p429/gems/activeadmin-0.6.0/app/views/active_admin/devise/shared/_links.erb (2.2ms)
Rendered /Users/bedrocket/.rvm/gems/ruby-1.9.3-p429/gems/activeadmin-0.6.0/app/views/active_admin/devise/sessions/new.html.erb within layouts/active_admin_logged_out (282.2ms)
Completed 200 OK in 622ms (Views: 601.5ms | ActiveRecord: 0.0ms)


Started GET "/assets/active_admin.css?body=1" for 127.0.0.1 at 2013-09-10 15:47:00 +0530
Served asset /active_admin.css - 304 Not Modified (2ms)


Started GET "/assets/jquery_ujs.js?body=1" for 127.0.0.1 at 2013-09-10 15:47:00 +0530
Served asset /jquery_ujs.js - 304 Not Modified (20ms)


Started GET "/assets/jquery.js?body=1" for 127.0.0.1 at 2013-09-10 15:47:00 +0530
Served asset /jquery.js - 304 Not Modified (5ms)


Started GET "/assets/jquery-ui.js?body=1" for 127.0.0.1 at 2013-09-10 15:47:00 +0530
Served asset /jquery-ui.js - 304 Not Modified (27ms)


Started GET "/assets/active_admin/lib/namespace.js?body=1" for 127.0.0.1 at 2013-09-10 15:47:00 +0530
Served asset /active_admin/lib/namespace.js - 304 Not Modified (3ms)


Started GET "/assets/active_admin/components/jquery.aa.checkbox-toggler.js?body=1" for 127.0.0.1 at 2013-09-10 15:47:00 +0530
Served asset /active_admin/components/jquery.aa.checkbox-toggler.js - 304 Not Modified (4ms)


Started GET "/assets/active_admin/components/jquery.aa.dropdown-menu.js?body=1" for 127.0.0.1 at 2013-09-10 15:47:00 +0530
Served asset /active_admin/components/jquery.aa.dropdown-menu.js - 304 Not Modified (41ms)


Started GET "/assets/active_admin/pages/application.js?body=1" for 127.0.0.1 at 2013-09-10 15:47:00 +0530
Served asset /active_admin/pages/application.js - 304 Not Modified (2ms)


Started GET "/assets/active_admin/pages/batch_actions.js?body=1" for 127.0.0.1 at 2013-09-10 15:47:00 +0530
Served asset /active_admin/pages/batch_actions.js - 304 Not Modified (7ms)


Started GET "/assets/active_admin/application.js?body=1" for 127.0.0.1 at 2013-09-10 15:47:00 +0530
Served asset /active_admin/application.js - 304 Not Modified (10ms)


Started GET "/assets/active_admin/components/jquery.aa.popover.js?body=1" for 127.0.0.1 at 2013-09-10 15:47:00 +0530
Served asset /active_admin/components/jquery.aa.popover.js - 304 Not Modified (2ms)


Started GET "/assets/active_admin/components/jquery.aa.table-checkbox-toggler.js?body=1" for 127.0.0.1 at 2013-09-10 15:47:00 +0530
Served asset /active_admin/components/jquery.aa.table-checkbox-toggler.js - 304 Not Modified (2ms)


Started GET "/assets/active_admin/print.css?body=1" for 127.0.0.1 at 2013-09-10 15:47:00 +0530
Served asset /active_admin/print.css - 304 Not Modified (0ms)


Started GET "/assets/active_admin/base.js?body=1" for 127.0.0.1 at 2013-09-10 15:47:01 +0530
Served asset /active_admin/base.js - 304 Not Modified (4ms)


Started GET "/assets/active_admin.js?body=1" for 127.0.0.1 at 2013-09-10 15:47:01 +0530
Served asset /active_admin.js - 304 Not Modified (0ms)


Started GET "/" for 127.0.0.1 at 2013-09-10 15:47:05 +0530

ActionController::RoutingError - uninitialized constant DashboardController:
  activesupport (3.1.0) lib/active_support/inflector/methods.rb:124:in `block in constantize'
  activesupport (3.1.0) lib/active_support/inflector/methods.rb:123:in `each'
  activesupport (3.1.0) lib/active_support/inflector/methods.rb:123:in `constantize'
  actionpack (3.1.0) lib/action_dispatch/routing/route_set.rb:61:in `controller_reference'
  actionpack (3.1.0) lib/action_dispatch/routing/route_set.rb:46:in `controller'
  actionpack (3.1.0) lib/action_dispatch/routing/route_set.rb:25:in `call'
  rack-mount (0.8.3) lib/rack/mount/route_set.rb:152:in `block in call'
  rack-mount (0.8.3) lib/rack/mount/code_generation.rb:96:in `block in recognize'
  rack-mount (0.8.3) lib/rack/mount/code_generation.rb:75:in `optimized_each'
  rack-mount (0.8.3) lib/rack/mount/code_generation.rb:95:in `recognize'
  rack-mount (0.8.3) lib/rack/mount/route_set.rb:141:in `call'
  actionpack (3.1.0) lib/action_dispatch/routing/route_set.rb:531:in `call'
  better_errors (1.0.1) lib/better_errors/middleware.rb:84:in `protected_app_call'
  better_errors (1.0.1) lib/better_errors/middleware.rb:79:in `better_errors_call'
  better_errors (1.0.1) lib/better_errors/middleware.rb:56:in `call'
  warden (1.2.3) lib/warden/manager.rb:35:in `block in call'
  warden (1.2.3) lib/warden/manager.rb:34:in `catch'
  warden (1.2.3) lib/warden/manager.rb:34:in `call'
  actionpack (3.1.0) lib/action_dispatch/middleware/best_standards_support.rb:17:in `call'
  rack (1.3.10) lib/rack/etag.rb:23:in `call'
  rack (1.3.10) lib/rack/conditionalget.rb:25:in `call'
  actionpack (3.1.0) lib/action_dispatch/middleware/head.rb:14:in `call'
  actionpack (3.1.0) lib/action_dispatch/middleware/params_parser.rb:21:in `call'
  actionpack (3.1.0) lib/action_dispatch/middleware/flash.rb:243:in `call'
  rack (1.3.10) lib/rack/session/abstract/id.rb:195:in `context'
  rack (1.3.10) lib/rack/session/abstract/id.rb:190:in `call'
  actionpack (3.1.0) lib/action_dispatch/middleware/cookies.rb:326:in `call'
  activerecord (3.1.0) lib/active_record/query_cache.rb:62:in `call'
  activerecord (3.1.0) lib/active_record/connection_adapters/abstract/connection_pool.rb:477:in `call'
  actionpack (3.1.0) lib/action_dispatch/middleware/callbacks.rb:29:in `block in call'
  activesupport (3.1.0) lib/active_support/callbacks.rb:392:in `_run_call_callbacks'
  activesupport (3.1.0) lib/active_support/callbacks.rb:81:in `run_callbacks'
  actionpack (3.1.0) lib/action_dispatch/middleware/callbacks.rb:28:in `call'
  actionpack (3.1.0) lib/action_dispatch/middleware/reloader.rb:68:in `call'
  rack (1.3.10) lib/rack/sendfile.rb:101:in `call'
  actionpack (3.1.0) lib/action_dispatch/middleware/remote_ip.rb:48:in `call'
  actionpack (3.1.0) lib/action_dispatch/middleware/show_exceptions.rb:47:in `call'
  railties (3.1.0) lib/rails/rack/logger.rb:13:in `call'
  rack (1.3.10) lib/rack/methodoverride.rb:24:in `call'
  rack (1.3.10) lib/rack/runtime.rb:17:in `call'
  activesupport (3.1.0) lib/active_support/cache/strategy/local_cache.rb:72:in `call'
  rack (1.3.10) lib/rack/lock.rb:15:in `call'
  actionpack (3.1.0) lib/action_dispatch/middleware/static.rb:53:in `call'
  railties (3.1.0) lib/rails/engine.rb:455:in `call'
  railties (3.1.0) lib/rails/rack/content_length.rb:16:in `call'
  railties (3.1.0) lib/rails/rack/log_tailer.rb:14:in `call'
  rack (1.3.10) lib/rack/handler/webrick.rb:59:in `service'
  /Users/bedrocket/.rvm/rubies/ruby-1.9.3-p429/lib/ruby/1.9.1/webrick/httpserver.rb:138:in `service'
  /Users/bedrocket/.rvm/rubies/ruby-1.9.3-p429/lib/ruby/1.9.1/webrick/httpserver.rb:94:in `run'
  /Users/bedrocket/.rvm/rubies/ruby-1.9.3-p429/lib/ruby/1.9.1/webrick/server.rb:191:in `block in start_thread'


Started POST "/__better_errors/70272565241440/variables" for 127.0.0.1 at 2013-09-10 15:47:06 +0530


Started GET "/products" for 127.0.0.1 at 2013-09-10 15:57:57 +0530
  Processing by ProductsController#index as HTML
  [1m[36mProduct Load (6.4ms)[0m  [1mSELECT "products".* FROM "products" ORDER BY released_at desc[0m
  [1m[35mCategory Load (0.5ms)[0m  SELECT "categories".* FROM "categories" WHERE "categories"."id" = 828606197 LIMIT 1
  [1m[36mCategory Load (0.2ms)[0m  [1mSELECT "categories".* FROM "categories" WHERE "categories"."id" = 643685044 LIMIT 1[0m
  [1m[35mCategory Load (0.2ms)[0m  SELECT "categories".* FROM "categories" WHERE "categories"."id" = 398712010 LIMIT 1
  [1m[36mCACHE (0.0ms)[0m  [1mSELECT "categories".* FROM "categories" WHERE "categories"."id" = 643685044 LIMIT 1[0m
  [1m[35mCACHE (0.0ms)[0m  SELECT "categories".* FROM "categories" WHERE "categories"."id" = 398712010 LIMIT 1
  [1m[36mCACHE (0.0ms)[0m  [1mSELECT "categories".* FROM "categories" WHERE "categories"."id" = 398712010 LIMIT 1[0m
  [1m[35mCategory Load (0.2ms)[0m  SELECT "categories".* FROM "categories" WHERE "categories"."id" = 92598330 LIMIT 1
  [1m[36mCategory Load (0.2ms)[0m  [1mSELECT "categories".* FROM "categories" WHERE "categories"."id" = 329005233 LIMIT 1[0m
  [1m[35mCACHE (0.0ms)[0m  SELECT "categories".* FROM "categories" WHERE "categories"."id" = 92598330 LIMIT 1
Rendered products/index.html.erb within layouts/application (184.1ms)
Compiled application.css  (16ms)  (pid 6920)
Compiled products.css  (57ms)  (pid 6920)
Compiled application.js  (42ms)  (pid 6920)
Compiled products.js  (599ms)  (pid 6920)
Completed 200 OK in 1257ms (Views: 1247.0ms | ActiveRecord: 8.9ms)


Started GET "/assets/application.css?body=1" for 127.0.0.1 at 2013-09-10 15:57:59 +0530
Served asset /application.css - 200 OK (44ms)


Started GET "/assets/jquery.js?body=1" for 127.0.0.1 at 2013-09-10 15:57:59 +0530
Served asset /jquery.js - 304 Not Modified (6ms)


Started GET "/assets/jquery-ui.js?body=1" for 127.0.0.1 at 2013-09-10 15:57:59 +0530
Served asset /jquery-ui.js - 304 Not Modified (11ms)


Started GET "/assets/jquery_ujs.js?body=1" for 127.0.0.1 at 2013-09-10 15:57:59 +0530
Served asset /jquery_ujs.js - 304 Not Modified (70ms)


Started GET "/assets/products.css?body=1" for 127.0.0.1 at 2013-09-10 15:57:59 +0530
Served asset /products.css - 304 Not Modified (2ms)


Started GET "/assets/active_admin.css?body=1" for 127.0.0.1 at 2013-09-10 15:57:59 +0530
Served asset /active_admin.css - 304 Not Modified (14ms)


Started GET "/assets/active_admin/lib/namespace.js?body=1" for 127.0.0.1 at 2013-09-10 15:57:59 +0530
Served asset /active_admin/lib/namespace.js - 304 Not Modified (3ms)


Started GET "/assets/active_admin/components/jquery.aa.checkbox-toggler.js?body=1" for 127.0.0.1 at 2013-09-10 15:57:59 +0530
Served asset /active_admin/components/jquery.aa.checkbox-toggler.js - 304 Not Modified (2ms)


Started GET "/assets/active_admin/components/jquery.aa.dropdown-menu.js?body=1" for 127.0.0.1 at 2013-09-10 15:57:59 +0530
Served asset /active_admin/components/jquery.aa.dropdown-menu.js - 304 Not Modified (5ms)


Started GET "/assets/active_admin/components/jquery.aa.table-checkbox-toggler.js?body=1" for 127.0.0.1 at 2013-09-10 15:57:59 +0530
Served asset /active_admin/components/jquery.aa.table-checkbox-toggler.js - 304 Not Modified (2ms)


Started GET "/assets/active_admin/components/jquery.aa.popover.js?body=1" for 127.0.0.1 at 2013-09-10 15:57:59 +0530
Served asset /active_admin/components/jquery.aa.popover.js - 304 Not Modified (3ms)


Started GET "/assets/active_admin/pages/application.js?body=1" for 127.0.0.1 at 2013-09-10 15:57:59 +0530
Served asset /active_admin/pages/application.js - 304 Not Modified (2ms)


Started GET "/assets/active_admin/pages/batch_actions.js?body=1" for 127.0.0.1 at 2013-09-10 15:57:59 +0530
Served asset /active_admin/pages/batch_actions.js - 304 Not Modified (2ms)


Started GET "/assets/active_admin/application.js?body=1" for 127.0.0.1 at 2013-09-10 15:57:59 +0530
Served asset /active_admin/application.js - 304 Not Modified (3ms)


Started GET "/assets/active_admin.js?body=1" for 127.0.0.1 at 2013-09-10 15:58:00 +0530
Served asset /active_admin.js - 304 Not Modified (4ms)


Started GET "/assets/active_admin/base.js?body=1" for 127.0.0.1 at 2013-09-10 15:58:00 +0530
Served asset /active_admin/base.js - 304 Not Modified (5ms)


Started GET "/assets/active_admin/lib/namespace.js?body=1" for 127.0.0.1 at 2013-09-10 15:58:00 +0530
Served asset /active_admin/lib/namespace.js - 304 Not Modified (0ms)


Started GET "/assets/products.js?body=1" for 127.0.0.1 at 2013-09-10 15:58:00 +0530
Served asset /products.js - 304 Not Modified (1ms)


Started GET "/assets/active_admin/components/jquery.aa.table-checkbox-toggler.js?body=1" for 127.0.0.1 at 2013-09-10 15:58:00 +0530
Served asset /active_admin/components/jquery.aa.table-checkbox-toggler.js - 304 Not Modified (0ms)


Started GET "/assets/application.js?body=1" for 127.0.0.1 at 2013-09-10 15:58:00 +0530
Served asset /application.js - 200 OK (34ms)


Started GET "/assets/active_admin/pages/application.js?body=1" for 127.0.0.1 at 2013-09-10 15:58:00 +0530
Served asset /active_admin/pages/application.js - 304 Not Modified (0ms)


Started GET "/assets/active_admin/pages/batch_actions.js?body=1" for 127.0.0.1 at 2013-09-10 15:58:00 +0530
Served asset /active_admin/pages/batch_actions.js - 304 Not Modified (0ms)


Started GET "/assets/active_admin/application.js?body=1" for 127.0.0.1 at 2013-09-10 15:58:00 +0530
Served asset /active_admin/application.js - 304 Not Modified (0ms)


Started GET "/products" for 127.0.0.1 at 2013-09-10 15:58:21 +0530

NoMethodError (undefined method `root' for main:Object):
  config/routes.rb:8:in `<top (required)>'

Rendered /Users/bedrocket/.rvm/gems/ruby-1.9.3-p429/gems/actionpack-3.1.0/lib/action_dispatch/middleware/templates/rescues/_trace.erb (1.8ms)
Rendered /Users/bedrocket/.rvm/gems/ruby-1.9.3-p429/gems/actionpack-3.1.0/lib/action_dispatch/middleware/templates/rescues/_request_and_response.erb (1.3ms)
Rendered /Users/bedrocket/.rvm/gems/ruby-1.9.3-p429/gems/actionpack-3.1.0/lib/action_dispatch/middleware/templates/rescues/diagnostics.erb within rescues/layout (7.3ms)


Started GET "/" for 127.0.0.1 at 2013-09-10 15:58:28 +0530

ActionController::RoutingError - uninitialized constant DashboardController:
  activesupport (3.1.0) lib/active_support/inflector/methods.rb:124:in `block in constantize'
  activesupport (3.1.0) lib/active_support/inflector/methods.rb:123:in `each'
  activesupport (3.1.0) lib/active_support/inflector/methods.rb:123:in `constantize'
  actionpack (3.1.0) lib/action_dispatch/routing/route_set.rb:61:in `controller_reference'
  actionpack (3.1.0) lib/action_dispatch/routing/route_set.rb:46:in `controller'
  actionpack (3.1.0) lib/action_dispatch/routing/route_set.rb:25:in `call'
  rack-mount (0.8.3) lib/rack/mount/route_set.rb:152:in `block in call'
  rack-mount (0.8.3) lib/rack/mount/code_generation.rb:96:in `block in recognize'
  rack-mount (0.8.3) lib/rack/mount/code_generation.rb:75:in `optimized_each'
  rack-mount (0.8.3) lib/rack/mount/code_generation.rb:95:in `recognize'
  rack-mount (0.8.3) lib/rack/mount/route_set.rb:141:in `call'
  actionpack (3.1.0) lib/action_dispatch/routing/route_set.rb:531:in `call'
  better_errors (1.0.1) lib/better_errors/middleware.rb:84:in `protected_app_call'
  better_errors (1.0.1) lib/better_errors/middleware.rb:79:in `better_errors_call'
  better_errors (1.0.1) lib/better_errors/middleware.rb:56:in `call'
  warden (1.2.3) lib/warden/manager.rb:35:in `block in call'
  warden (1.2.3) lib/warden/manager.rb:34:in `catch'
  warden (1.2.3) lib/warden/manager.rb:34:in `call'
  actionpack (3.1.0) lib/action_dispatch/middleware/best_standards_support.rb:17:in `call'
  rack (1.3.10) lib/rack/etag.rb:23:in `call'
  rack (1.3.10) lib/rack/conditionalget.rb:25:in `call'
  actionpack (3.1.0) lib/action_dispatch/middleware/head.rb:14:in `call'
  actionpack (3.1.0) lib/action_dispatch/middleware/params_parser.rb:21:in `call'
  actionpack (3.1.0) lib/action_dispatch/middleware/flash.rb:243:in `call'
  rack (1.3.10) lib/rack/session/abstract/id.rb:195:in `context'
  rack (1.3.10) lib/rack/session/abstract/id.rb:190:in `call'
  actionpack (3.1.0) lib/action_dispatch/middleware/cookies.rb:326:in `call'
  activerecord (3.1.0) lib/active_record/query_cache.rb:62:in `call'
  activerecord (3.1.0) lib/active_record/connection_adapters/abstract/connection_pool.rb:477:in `call'
  actionpack (3.1.0) lib/action_dispatch/middleware/callbacks.rb:29:in `block in call'
  activesupport (3.1.0) lib/active_support/callbacks.rb:392:in `_run_call_callbacks'
  activesupport (3.1.0) lib/active_support/callbacks.rb:81:in `run_callbacks'
  actionpack (3.1.0) lib/action_dispatch/middleware/callbacks.rb:28:in `call'
  actionpack (3.1.0) lib/action_dispatch/middleware/reloader.rb:68:in `call'
  rack (1.3.10) lib/rack/sendfile.rb:101:in `call'
  actionpack (3.1.0) lib/action_dispatch/middleware/remote_ip.rb:48:in `call'
  actionpack (3.1.0) lib/action_dispatch/middleware/show_exceptions.rb:47:in `call'
  railties (3.1.0) lib/rails/rack/logger.rb:13:in `call'
  rack (1.3.10) lib/rack/methodoverride.rb:24:in `call'
  rack (1.3.10) lib/rack/runtime.rb:17:in `call'
  activesupport (3.1.0) lib/active_support/cache/strategy/local_cache.rb:72:in `call'
  rack (1.3.10) lib/rack/lock.rb:15:in `call'
  actionpack (3.1.0) lib/action_dispatch/middleware/static.rb:53:in `call'
  railties (3.1.0) lib/rails/engine.rb:455:in `call'
  railties (3.1.0) lib/rails/rack/content_length.rb:16:in `call'
  railties (3.1.0) lib/rails/rack/log_tailer.rb:14:in `call'
  rack (1.3.10) lib/rack/handler/webrick.rb:59:in `service'
  /Users/bedrocket/.rvm/rubies/ruby-1.9.3-p429/lib/ruby/1.9.1/webrick/httpserver.rb:138:in `service'
  /Users/bedrocket/.rvm/rubies/ruby-1.9.3-p429/lib/ruby/1.9.1/webrick/httpserver.rb:94:in `run'
  /Users/bedrocket/.rvm/rubies/ruby-1.9.3-p429/lib/ruby/1.9.1/webrick/server.rb:191:in `block in start_thread'


Started POST "/__better_errors/70228584648300/variables" for 127.0.0.1 at 2013-09-10 15:58:28 +0530


Started GET "/" for 127.0.0.1 at 2013-09-10 15:58:40 +0530

ActionController::RoutingError - uninitialized constant DashboardController:
  activesupport (3.1.0) lib/active_support/inflector/methods.rb:124:in `block in constantize'
  activesupport (3.1.0) lib/active_support/inflector/methods.rb:123:in `each'
  activesupport (3.1.0) lib/active_support/inflector/methods.rb:123:in `constantize'
  actionpack (3.1.0) lib/action_dispatch/routing/route_set.rb:61:in `controller_reference'
  actionpack (3.1.0) lib/action_dispatch/routing/route_set.rb:46:in `controller'
  actionpack (3.1.0) lib/action_dispatch/routing/route_set.rb:25:in `call'
  rack-mount (0.8.3) lib/rack/mount/route_set.rb:152:in `block in call'
  rack-mount (0.8.3) lib/rack/mount/code_generation.rb:96:in `block in recognize'
  rack-mount (0.8.3) lib/rack/mount/code_generation.rb:75:in `optimized_each'
  rack-mount (0.8.3) lib/rack/mount/code_generation.rb:95:in `recognize'
  rack-mount (0.8.3) lib/rack/mount/route_set.rb:141:in `call'
  actionpack (3.1.0) lib/action_dispatch/routing/route_set.rb:531:in `call'
  better_errors (1.0.1) lib/better_errors/middleware.rb:84:in `protected_app_call'
  better_errors (1.0.1) lib/better_errors/middleware.rb:79:in `better_errors_call'
  better_errors (1.0.1) lib/better_errors/middleware.rb:56:in `call'
  warden (1.2.3) lib/warden/manager.rb:35:in `block in call'
  warden (1.2.3) lib/warden/manager.rb:34:in `catch'
  warden (1.2.3) lib/warden/manager.rb:34:in `call'
  actionpack (3.1.0) lib/action_dispatch/middleware/best_standards_support.rb:17:in `call'
  rack (1.3.10) lib/rack/etag.rb:23:in `call'
  rack (1.3.10) lib/rack/conditionalget.rb:25:in `call'
  actionpack (3.1.0) lib/action_dispatch/middleware/head.rb:14:in `call'
  actionpack (3.1.0) lib/action_dispatch/middleware/params_parser.rb:21:in `call'
  actionpack (3.1.0) lib/action_dispatch/middleware/flash.rb:243:in `call'
  rack (1.3.10) lib/rack/session/abstract/id.rb:195:in `context'
  rack (1.3.10) lib/rack/session/abstract/id.rb:190:in `call'
  actionpack (3.1.0) lib/action_dispatch/middleware/cookies.rb:326:in `call'
  activerecord (3.1.0) lib/active_record/query_cache.rb:62:in `call'
  activerecord (3.1.0) lib/active_record/connection_adapters/abstract/connection_pool.rb:477:in `call'
  actionpack (3.1.0) lib/action_dispatch/middleware/callbacks.rb:29:in `block in call'
  activesupport (3.1.0) lib/active_support/callbacks.rb:392:in `_run_call_callbacks'
  activesupport (3.1.0) lib/active_support/callbacks.rb:81:in `run_callbacks'
  actionpack (3.1.0) lib/action_dispatch/middleware/callbacks.rb:28:in `call'
  actionpack (3.1.0) lib/action_dispatch/middleware/reloader.rb:68:in `call'
  rack (1.3.10) lib/rack/sendfile.rb:101:in `call'
  actionpack (3.1.0) lib/action_dispatch/middleware/remote_ip.rb:48:in `call'
  actionpack (3.1.0) lib/action_dispatch/middleware/show_exceptions.rb:47:in `call'
  railties (3.1.0) lib/rails/rack/logger.rb:13:in `call'
  rack (1.3.10) lib/rack/methodoverride.rb:24:in `call'
  rack (1.3.10) lib/rack/runtime.rb:17:in `call'
  activesupport (3.1.0) lib/active_support/cache/strategy/local_cache.rb:72:in `call'
  rack (1.3.10) lib/rack/lock.rb:15:in `call'
  actionpack (3.1.0) lib/action_dispatch/middleware/static.rb:53:in `call'
  railties (3.1.0) lib/rails/engine.rb:455:in `call'
  railties (3.1.0) lib/rails/rack/content_length.rb:16:in `call'
  railties (3.1.0) lib/rails/rack/log_tailer.rb:14:in `call'
  rack (1.3.10) lib/rack/handler/webrick.rb:59:in `service'
  /Users/bedrocket/.rvm/rubies/ruby-1.9.3-p429/lib/ruby/1.9.1/webrick/httpserver.rb:138:in `service'
  /Users/bedrocket/.rvm/rubies/ruby-1.9.3-p429/lib/ruby/1.9.1/webrick/httpserver.rb:94:in `run'
  /Users/bedrocket/.rvm/rubies/ruby-1.9.3-p429/lib/ruby/1.9.1/webrick/server.rb:191:in `block in start_thread'


Started POST "/__better_errors/70228585175100/variables" for 127.0.0.1 at 2013-09-10 15:58:40 +0530


Started GET "/p" for 127.0.0.1 at 2013-09-10 15:58:45 +0530

ActionController::RoutingError (No route matches [GET] "/p"):
  

Rendered /Users/bedrocket/.rvm/gems/ruby-1.9.3-p429/gems/actionpack-3.1.0/lib/action_dispatch/middleware/templates/rescues/routing_error.erb within rescues/layout (0.9ms)


Started GET "/products" for 127.0.0.1 at 2013-09-10 15:58:52 +0530
  Processing by ProductsController#index as HTML
  [1m[36mProduct Load (16.3ms)[0m  [1mSELECT "products".* FROM "products" ORDER BY released_at desc[0m
  [1m[35mCategory Load (0.5ms)[0m  SELECT "categories".* FROM "categories" WHERE "categories"."id" = 828606197 LIMIT 1
  [1m[36mCategory Load (0.2ms)[0m  [1mSELECT "categories".* FROM "categories" WHERE "categories"."id" = 643685044 LIMIT 1[0m
  [1m[35mCategory Load (0.2ms)[0m  SELECT "categories".* FROM "categories" WHERE "categories"."id" = 398712010 LIMIT 1
  [1m[36mCACHE (0.0ms)[0m  [1mSELECT "categories".* FROM "categories" WHERE "categories"."id" = 643685044 LIMIT 1[0m
  [1m[35mCACHE (0.0ms)[0m  SELECT "categories".* FROM "categories" WHERE "categories"."id" = 398712010 LIMIT 1
  [1m[36mCACHE (0.0ms)[0m  [1mSELECT "categories".* FROM "categories" WHERE "categories"."id" = 398712010 LIMIT 1[0m
  [1m[35mCategory Load (0.2ms)[0m  SELECT "categories".* FROM "categories" WHERE "categories"."id" = 92598330 LIMIT 1
  [1m[36mCategory Load (0.3ms)[0m  [1mSELECT "categories".* FROM "categories" WHERE "categories"."id" = 329005233 LIMIT 1[0m
  [1m[35mCACHE (0.0ms)[0m  SELECT "categories".* FROM "categories" WHERE "categories"."id" = 92598330 LIMIT 1
Rendered products/index.html.erb within layouts/application (123.9ms)
Completed 200 OK in 144ms (Views: 124.7ms | ActiveRecord: 18.7ms)


Started GET "/assets/products.css?body=1" for 127.0.0.1 at 2013-09-10 15:58:53 +0530
Served asset /products.css - 304 Not Modified (0ms)


Started GET "/assets/jquery_ujs.js?body=1" for 127.0.0.1 at 2013-09-10 15:58:53 +0530
Served asset /jquery_ujs.js - 304 Not Modified (0ms)


Started GET "/assets/jquery-ui.js?body=1" for 127.0.0.1 at 2013-09-10 15:58:53 +0530
Served asset /jquery-ui.js - 304 Not Modified (0ms)


Started GET "/assets/active_admin.css?body=1" for 127.0.0.1 at 2013-09-10 15:58:53 +0530
Served asset /active_admin.css - 304 Not Modified (30ms)


Started GET "/assets/jquery.js?body=1" for 127.0.0.1 at 2013-09-10 15:58:53 +0530
Served asset /jquery.js - 304 Not Modified (0ms)


Started GET "/assets/active_admin/lib/namespace.js?body=1" for 127.0.0.1 at 2013-09-10 15:58:53 +0530
Served asset /active_admin/lib/namespace.js - 304 Not Modified (0ms)


Started GET "/assets/active_admin/components/jquery.aa.checkbox-toggler.js?body=1" for 127.0.0.1 at 2013-09-10 15:58:53 +0530
Served asset /active_admin/components/jquery.aa.checkbox-toggler.js - 304 Not Modified (0ms)


Started GET "/assets/active_admin/components/jquery.aa.popover.js?body=1" for 127.0.0.1 at 2013-09-10 15:58:53 +0530
Served asset /active_admin/components/jquery.aa.popover.js - 304 Not Modified (0ms)


Started GET "/assets/active_admin/components/jquery.aa.table-checkbox-toggler.js?body=1" for 127.0.0.1 at 2013-09-10 15:58:53 +0530
Served asset /active_admin/components/jquery.aa.table-checkbox-toggler.js - 304 Not Modified (0ms)


Started GET "/assets/active_admin/pages/batch_actions.js?body=1" for 127.0.0.1 at 2013-09-10 15:58:53 +0530
Served asset /active_admin/pages/batch_actions.js - 304 Not Modified (0ms)


Started GET "/assets/active_admin/application.js?body=1" for 127.0.0.1 at 2013-09-10 15:58:53 +0530
Served asset /active_admin/application.js - 304 Not Modified (0ms)


Started GET "/assets/active_admin/pages/application.js?body=1" for 127.0.0.1 at 2013-09-10 15:58:53 +0530
Served asset /active_admin/pages/application.js - 304 Not Modified (0ms)


Started GET "/assets/active_admin/components/jquery.aa.dropdown-menu.js?body=1" for 127.0.0.1 at 2013-09-10 15:58:53 +0530
Served asset /active_admin/components/jquery.aa.dropdown-menu.js - 304 Not Modified (0ms)


Started GET "/assets/active_admin/base.js?body=1" for 127.0.0.1 at 2013-09-10 15:58:53 +0530
Served asset /active_admin/base.js - 304 Not Modified (1ms)


Started GET "/assets/active_admin.js?body=1" for 127.0.0.1 at 2013-09-10 15:58:53 +0530
Served asset /active_admin.js - 304 Not Modified (0ms)


Started GET "/assets/active_admin/components/jquery.aa.popover.js?body=1" for 127.0.0.1 at 2013-09-10 15:58:53 +0530
Served asset /active_admin/components/jquery.aa.popover.js - 304 Not Modified (0ms)


Started GET "/assets/products.js?body=1" for 127.0.0.1 at 2013-09-10 15:58:53 +0530
Served asset /products.js - 304 Not Modified (0ms)


Started GET "/assets/application.js?body=1" for 127.0.0.1 at 2013-09-10 15:58:53 +0530
Served asset /application.js - 304 Not Modified (2ms)
